# JRE version: Java(TM) SE Runtime Environment (8.0_171-b11) (build 1.8.0_171-b11)
# Java VM: Java HotSpot(TM) 64-Bit Server VM (25.171-b11 mixed mode bsd-amd64 compressed oops)
Heap:
 PSYoungGen      total 121856K, used 22973K [0x0000000795580000, 0x000000079dd00000, 0x00000007c0000000)
  eden space 116736K, 19% used [0x0000000795580000,0x0000000796bef7e0,0x000000079c780000)
  from space 5120K, 0% used [0x000000079d800000,0x000000079d800000,0x000000079dd00000)
  to   space 5120K, 0% used [0x000000079d300000,0x000000079d300000,0x000000079d800000)
 ParOldGen       total 324096K, used 195698K [0x0000000740000000, 0x0000000753c80000, 0x0000000795580000)
  object space 324096K, 60% used [0x0000000740000000,0x000000074bf1c958,0x0000000753c80000)
 Metaspace       used 2716K, capacity 4486K, committed 4864K, reserved 1056768K
  class space    used 289K, capacity 386K, committed 512K, reserved 1048576K
GC Heap History (10 events):
Event: 0.574 GC heap before
{Heap before GC invocations=3 (full 1):
 PSYoungGen      total 71680K, used 5120K [0x0000000795580000, 0x000000079a080000, 0x00000007c0000000)
  eden space 66560K, 0% used [0x0000000795580000,0x0000000795580000,0x0000000799680000)
  from space 5120K, 100% used [0x0000000799b80000,0x000000079a080000,0x000000079a080000)
  to   space 5120K, 0% used [0x0000000799680000,0x0000000799680000,0x0000000799b80000)
 ParOldGen       total 87552K, used 59829K [0x0000000740000000, 0x0000000745580000, 0x0000000795580000)
  object space 87552K, 68% used [0x0000000740000000,0x0000000743a6d7c8,0x0000000745580000)
 Metaspace       used 2708K, capacity 4486K, committed 4864K, reserved 1056768K
  class space    used 288K, capacity 386K, committed 512K, reserved 1048576K
Event: 0.597 GC heap after
Heap after GC invocations=3 (full 1):
 PSYoungGen      total 71680K, used 0K [0x0000000795580000, 0x000000079a080000, 0x00000007c0000000)
  eden space 66560K, 0% used [0x0000000795580000,0x0000000795580000,0x0000000799680000)
  from space 5120K, 0% used [0x0000000799b80000,0x0000000799b80000,0x000000079a080000)
  to   space 5120K, 0% used [0x0000000799680000,0x0000000799680000,0x0000000799b80000)
 ParOldGen       total 135168K, used 64531K [0x0000000740000000, 0x0000000748400000, 0x0000000795580000)
  object space 135168K, 47% used [0x0000000740000000,0x0000000743f04d48,0x0000000748400000)
 Metaspace       used 2708K, capacity 4486K, committed 4864K, reserved 1056768K
  class space    used 288K, capacity 386K, committed 512K, reserved 1048576K
}
Event: 0.625 GC heap before
{Heap before GC invocations=4 (full 1):
 PSYoungGen      total 71680K, used 66531K [0x0000000795580000, 0x000000079a080000, 0x00000007c0000000)
  eden space 66560K, 99% used [0x0000000795580000,0x0000000799678fa8,0x0000000799680000)
  from space 5120K, 0% used [0x0000000799b80000,0x0000000799b80000,0x000000079a080000)
  to   space 5120K, 0% used [0x0000000799680000,0x0000000799680000,0x0000000799b80000)
 ParOldGen       total 135168K, used 64531K [0x0000000740000000, 0x0000000748400000, 0x0000000795580000)
  object space 135168K, 47% used [0x0000000740000000,0x0000000743f04d48,0x0000000748400000)
 Metaspace       used 2708K, capacity 4486K, committed 4864K, reserved 1056768K
  class space    used 288K, capacity 386K, committed 512K, reserved 1048576K
Event: 0.688 GC heap after
Heap after GC invocations=4 (full 1):
 PSYoungGen      total 71680K, used 5120K [0x0000000795580000, 0x000000079dd00000, 0x00000007c0000000)
  eden space 66560K, 0% used [0x0000000795580000,0x0000000795580000,0x0000000799680000)
  from space 5120K, 100% used [0x0000000799680000,0x0000000799b80000,0x0000000799b80000)
  to   space 5120K, 0% used [0x000000079d800000,0x000000079d800000,0x000000079dd00000)
 ParOldGen       total 135168K, used 124227K [0x0000000740000000, 0x0000000748400000, 0x0000000795580000)
  object space 135168K, 91% used [0x0000000740000000,0x0000000747950c00,0x0000000748400000)
 Metaspace       used 2708K, capacity 4486K, committed 4864K, reserved 1056768K
  class space    used 288K, capacity 386K, committed 512K, reserved 1048576K
}
Event: 0.688 GC heap before
{Heap before GC invocations=5 (full 2):
 PSYoungGen      total 71680K, used 5120K [0x0000000795580000, 0x000000079dd00000, 0x00000007c0000000)
  eden space 66560K, 0% used [0x0000000795580000,0x0000000795580000,0x0000000799680000)
  from space 5120K, 100% used [0x0000000799680000,0x0000000799b80000,0x0000000799b80000)
  to   space 5120K, 0% used [0x000000079d800000,0x000000079d800000,0x000000079dd00000)
 ParOldGen       total 135168K, used 124227K [0x0000000740000000, 0x0000000748400000, 0x0000000795580000)
  object space 135168K, 91% used [0x0000000740000000,0x0000000747950c00,0x0000000748400000)
 Metaspace       used 2708K, capacity 4486K, committed 4864K, reserved 1056768K
  class space    used 288K, capacity 386K, committed 512K, reserved 1048576K
Event: 0.725 GC heap after
Heap after GC invocations=5 (full 2):
 PSYoungGen      total 71680K, used 0K [0x0000000795580000, 0x000000079dd00000, 0x00000007c0000000)
  eden space 66560K, 0% used [0x0000000795580000,0x0000000795580000,0x0000000799680000)
  from space 5120K, 0% used [0x0000000799680000,0x0000000799680000,0x0000000799b80000)
  to   space 5120K, 0% used [0x000000079d800000,0x000000079d800000,0x000000079dd00000)
 ParOldGen       total 238080K, used 129339K [0x0000000740000000, 0x000000074e880000, 0x0000000795580000)
  object space 238080K, 54% used [0x0000000740000000,0x0000000747e4eed0,0x000000074e880000)
 Metaspace       used 2708K, capacity 4486K, committed 4864K, reserved 1056768K
  class space    used 288K, capacity 386K, committed 512K, reserved 1048576K
}
Event: 0.740 GC heap before
{Heap before GC invocations=6 (full 2):
 PSYoungGen      total 71680K, used 66555K [0x0000000795580000, 0x000000079dd00000, 0x00000007c0000000)
  eden space 66560K, 99% used [0x0000000795580000,0x000000079967ed40,0x0000000799680000)
  from space 5120K, 0% used [0x0000000799680000,0x0000000799680000,0x0000000799b80000)
  to   space 5120K, 0% used [0x000000079d800000,0x000000079d800000,0x000000079dd00000)
 ParOldGen       total 238080K, used 129339K [0x0000000740000000, 0x000000074e880000, 0x0000000795580000)
  object space 238080K, 54% used [0x0000000740000000,0x0000000747e4eed0,0x000000074e880000)
 Metaspace       used 2708K, capacity 4486K, committed 4864K, reserved 1056768K
  class space    used 288K, capacity 386K, committed 512K, reserved 1048576K
Event: 0.803 GC heap after
Heap after GC invocations=6 (full 2):
 PSYoungGen      total 121856K, used 5120K [0x0000000795580000, 0x000000079dd00000, 0x00000007c0000000)
  eden space 116736K, 0% used [0x0000000795580000,0x0000000795580000,0x000000079c780000)
  from space 5120K, 100% used [0x000000079d800000,0x000000079dd00000,0x000000079dd00000)
  to   space 5120K, 0% used [0x000000079d300000,0x000000079d300000,0x000000079d800000)
 ParOldGen       total 238080K, used 190578K [0x0000000740000000, 0x000000074e880000, 0x0000000795580000)
  object space 238080K, 80% used [0x0000000740000000,0x000000074ba1c958,0x000000074e880000)
 Metaspace       used 2708K, capacity 4486K, committed 4864K, reserved 1056768K
  class space    used 288K, capacity 386K, committed 512K, reserved 1048576K
}
Event: 0.803 GC heap before
{Heap before GC invocations=7 (full 3):
 PSYoungGen      total 121856K, used 5120K [0x0000000795580000, 0x000000079dd00000, 0x00000007c0000000)
  eden space 116736K, 0% used [0x0000000795580000,0x0000000795580000,0x000000079c780000)
  from space 5120K, 100% used [0x000000079d800000,0x000000079dd00000,0x000000079dd00000)
  to   space 5120K, 0% used [0x000000079d300000,0x000000079d300000,0x000000079d800000)
 ParOldGen       total 238080K, used 190578K [0x0000000740000000, 0x000000074e880000, 0x0000000795580000)
  object space 238080K, 80% used [0x0000000740000000,0x000000074ba1c958,0x000000074e880000)
 Metaspace       used 2708K, capacity 4486K, committed 4864K, reserved 1056768K
  class space    used 288K, capacity 386K, committed 512K, reserved 1048576K
Event: 0.826 GC heap after
Heap after GC invocations=7 (full 3):
 PSYoungGen      total 121856K, used 0K [0x0000000795580000, 0x000000079dd00000, 0x00000007c0000000)
  eden space 116736K, 0% used [0x0000000795580000,0x0000000795580000,0x000000079c780000)
  from space 5120K, 0% used [0x000000079d800000,0x000000079d800000,0x000000079dd00000)
  to   space 5120K, 0% used [0x000000079d300000,0x000000079d300000,0x000000079d800000)
 ParOldGen       total 324096K, used 195698K [0x0000000740000000, 0x0000000753c80000, 0x0000000795580000)
  object space 324096K, 60% used [0x0000000740000000,0x000000074bf1c958,0x0000000753c80000)
 Metaspace       used 2708K, capacity 4486K, committed 4864K, reserved 1056768K
  class space    used 288K, capacity 386K, committed 512K, reserved 1048576K
}

